<?xml version="1.0" encoding="utf-8"?><testsuites><testsuite name="pytest" errors="0" failures="1" skipped="0" tests="9" time="61.805" timestamp="2026-09-04T18:53:04.705783+00:00" hostname="agent-env-b7d0ae0e-8af5-4893-8cae-3a4d44c829f7"><testcase classname="tests.test_prod_storage_flag" name="test_health_endpoint" time="1.099" /><testcase classname="tests.test_prod_storage_flag" name="test_public_get_endpoints_no_500" time="1.269" /><testcase classname="tests.test_prod_storage_flag" name="test_upload_image_returns_501_when_storage_disabled" time="6.329"><failure message="AssertionError: expected 501, got 502: {&quot;detail&quot;:&quot;Image upload failed. Please try again.&quot;}&#10;assert 502 == 501&#10; +  where 502 = &lt;Response [502]&gt;.status_code">E   AssertionError: expected 501, got 502: {"detail":"Image upload failed. Please try again."}
    assert 502 == 501
     +  where 502 = &lt;Response [502]&gt;.status_code</failure></testcase><testcase classname="tests.test_prod_storage_flag" name="test_signed_url_invalid_signature" time="0.144" /><testcase classname="tests.test_prod_storage_flag" name="test_full_onboarding_flow" time="52.708" /><testcase classname="tests.test_storage_flag_unit" name="test_disabled_by_default" time="0.001" /><testcase classname="tests.test_storage_flag_unit" name="test_disabled_when_flag_true_but_no_key" time="0.000" /><testcase classname="tests.test_storage_flag_unit" name="test_enabled_only_with_flag_and_key" time="0.000" /><testcase classname="tests.test_storage_flag_unit" name="test_flag_is_case_insensitive_and_ignores_other_values" time="0.000" /></testsuite></testsuites>