<?xml version="1.0" encoding="utf-8"?><testsuites><testsuite name="pytest" errors="0" failures="2" skipped="0" tests="41" time="171.887" timestamp="2026-09-04T19:19:51.043970+00:00" hostname="agent-env-b7d0ae0e-8af5-4893-8cae-3a4d44c829f7"><testcase classname="tests.test_medicine_name_resolution_unit.TestResolveMedicineName" name="test_te_parent_with_medicine_returns_real_name" time="0.001" /><testcase classname="tests.test_medicine_name_resolution_unit.TestResolveMedicineName" name="test_te_parent_empty_list_returns_telugu_placeholder" time="0.000" /><testcase classname="tests.test_medicine_name_resolution_unit.TestResolveMedicineName" name="test_hi_parent_empty_list_returns_hindi_placeholder" time="0.000" /><testcase classname="tests.test_medicine_name_resolution_unit.TestResolveMedicineName" name="test_en_parent_empty_list_returns_english_placeholder" time="0.000" /><testcase classname="tests.test_medicine_name_resolution_unit.TestResolveMedicineName" name="test_unknown_language_falls_back_to_english" time="0.000" /><testcase classname="tests.test_medicine_name_resolution_unit.TestResolveMedicineName" name="test_target_time_picks_matching_medicine" time="0.000" /><testcase classname="tests.test_medicine_name_resolution_unit.TestResolveMedicineName" name="test_target_time_no_match_falls_back_to_first" time="0.000" /><testcase classname="tests.test_medicine_name_resolution_unit.TestResolveMedicineName" name="test_jsonb_string_medicine_list_is_decoded" time="0.000" /><testcase classname="tests.test_medicine_name_resolution_unit.TestResolveMedicineName" name="test_malformed_string_medicine_list_falls_back" time="0.000" /><testcase classname="tests.test_medicine_name_resolution_unit.TestResolveMedicineName" name="test_blank_medicine_name_falls_back_to_placeholder" time="0.000" /><testcase classname="tests.test_medicine_name_resolution_unit.TestResolveMedicineName" name="test_case_insensitive_language" time="0.000" /><testcase classname="tests.test_medicine_name_resolution_unit.TestResolveMedicineName" name="test_never_returns_english_literal_for_indic_parent" time="0.000" /><testcase classname="tests.test_medicine_name_resolution_unit.TestLanguageNativePlaceholder" name="test_placeholder[en-your medicine]" time="0.000" /><testcase classname="tests.test_medicine_name_resolution_unit.TestLanguageNativePlaceholder" name="test_placeholder[te-\u0c2e\u0c02\u0c26\u0c41]" time="0.000" /><testcase classname="tests.test_medicine_name_resolution_unit.TestLanguageNativePlaceholder" name="test_placeholder[hi-\u0926\u0935\u093e\u0908]" time="0.000" /><testcase classname="tests.test_medicine_name_resolution_unit.TestLanguageNativePlaceholder" name="test_placeholder[TE-\u0c2e\u0c02\u0c26\u0c41]" time="0.000" /><testcase classname="tests.test_medicine_name_resolution_unit.TestLanguageNativePlaceholder" name="test_placeholder[-your medicine]" time="0.000" /><testcase classname="tests.test_medicine_name_resolution_unit.TestLanguageNativePlaceholder" name="test_placeholder[None-your medicine]" time="0.000" /><testcase classname="tests.test_medicine_name_resolution_unit.TestLanguageNativePlaceholder" name="test_placeholder[ta-your medicine]" time="0.000" /><testcase classname="tests.test_medicine_name_resolution_unit.TestApprovedTemplateVars" name="test_medicine_te_with_real_name" time="0.000" /><testcase classname="tests.test_medicine_name_resolution_unit.TestApprovedTemplateVars" name="test_medicine_te_empty_name_has_no_english_literal" time="0.000" /><testcase classname="tests.test_medicine_name_resolution_unit.TestApprovedTemplateVars" name="test_medicine_hi_empty_name_has_no_english_literal" time="0.000" /><testcase classname="tests.test_medicine_name_resolution_unit.TestApprovedTemplateVars" name="test_medicine_te_var2_has_no_ascii_word_tablet" time="0.000"><failure message="AssertionError: {2}='Amlokind tablet' -&gt; Telugu template renders 'మీ Amlokind tablet టాబ్లెట్' (duplicated/English 'tablet')&#10;assert 'tablet' not in 'amlokind tablet'&#10;  &#10;  'tablet' is contained here:&#10;    amlokind tablet&#10;  ?          ++++++">E   AssertionError: {2}='Amlokind tablet' -&gt; Telugu template renders 'మీ Amlokind tablet టాబ్లెట్' (duplicated/English 'tablet')
    assert 'tablet' not in 'amlokind tablet'
      
      'tablet' is contained here:
        amlokind tablet
      ?          ++++++</failure></testcase><testcase classname="tests.test_medicine_name_resolution_unit.TestApprovedTemplateVars" name="test_non_medicine_category_uses_label" time="0.000" /><testcase classname="tests.test_medicine_name_resolution_unit.TestApprovedTemplateVars" name="test_opener_and_mood_unaffected" time="0.000" /><testcase classname="tests.test_medicine_name_resolution_unit.TestPreviewBody" name="test_te_preview_contains_real_medicine_name" time="0.000" /><testcase classname="tests.test_medicine_name_resolution_unit.TestPreviewBody" name="test_te_preview_placeholder_no_english" time="0.000" /><testcase classname="tests.test_medicine_name_resolution_unit.TestPreviewBody" name="test_hi_preview_placeholder_no_english" time="0.000" /><testcase classname="tests.test_medicine_name_resolution_unit.TestPreviewBody" name="test_render_slot_body_default_arg_is_not_english_literal" time="0.000"><failure message="AssertionError: render_slot_body defaults medicine_name='your medicine'&#10;assert 'your medicine' != 'your medicine'&#10; +  where 'your medicine' = &lt;Parameter &quot;medicine_name: str = 'your medicine'&quot;&gt;.default">E   AssertionError: render_slot_body defaults medicine_name='your medicine'
    assert 'your medicine' != 'your medicine'
     +  where 'your medicine' = &lt;Parameter "medicine_name: str = 'your medicine'"&gt;.default</failure></testcase><testcase classname="tests.test_medicine_name_resolution_unit.TestPreviewBody" name="test_no_crash_across_languages_and_day_indices" time="0.000" /><testcase classname="tests.test_prod_medicine_name" name="test_medicine_list_persisted" time="32.819" /><testcase classname="tests.test_prod_medicine_name" name="test_preview_te_with_medicine_uses_real_name" time="9.201" /><testcase classname="tests.test_prod_medicine_name" name="test_preview_te_empty_uses_telugu_placeholder" time="8.210" /><testcase classname="tests.test_prod_medicine_name" name="test_preview_hi_empty_uses_hindi_placeholder" time="8.173" /><testcase classname="tests.test_prod_medicine_name" name="test_preview_hi_with_medicine_uses_real_name" time="8.174" /><testcase classname="tests.test_prod_medicine_name" name="test_send_test_medicine_no_crash[te-meds0]" time="21.246" /><testcase classname="tests.test_prod_medicine_name" name="test_send_test_medicine_no_crash[te-meds1]" time="20.967" /><testcase classname="tests.test_prod_medicine_name" name="test_send_test_medicine_no_crash[hi-meds2]" time="23.722" /><testcase classname="tests.test_prod_medicine_name" name="test_send_test_non_medicine_categories[how_feeling]" time="16.050" /><testcase classname="tests.test_prod_medicine_name" name="test_send_test_non_medicine_categories[morning_wish]" time="16.627" /><testcase classname="tests.test_prod_medicine_name" name="test_schedule_save_regression" time="6.661" /></testsuite></testsuites>