<?xml version="1.0" encoding="utf-8"?><testsuites name="pytest tests"><testsuite name="pytest" errors="0" failures="3" skipped="0" tests="19" time="12.323" timestamp="2026-09-20T10:51:55.908199+00:00" hostname="agent-env-817fa541-07ef-490b-9a28-a585c8388c6c"><testcase classname="tests.test_iteration20_service_suite" name="test_verification_issue_check_consume_attempts_and_replay" time="0.728" /><testcase classname="tests.test_iteration24_acceptance_suite" name="test_care_plan_atomic_commit_rollback_and_recovery_state" time="1.002" /><testcase classname="tests.test_iteration20_service_suite" name="test_verification_resend_limit_and_provider_failure" time="0.743" /><testcase classname="tests.test_iteration24_acceptance_suite" name="test_checkins_selected_parent_local_date_and_late_reply_visibility" time="0.980" /><testcase classname="tests.test_iteration20_service_suite" name="test_forgot_password_generic_and_reset_invalidates_old_token" time="1.881" /><testcase classname="tests.test_iteration24_acceptance_suite" name="test_scheduler_safety_weekday_rules_and_medicine_id_no_dup" time="0.729"><failure message="AssertionError: assert 0 == 1&#10; +  where 0 = &lt;built-in method count of list object at 0xf8636fc86c80&gt;('medicine')&#10; +    where &lt;built-in method count of list object at 0xf8636fc86c80&gt; = [].count">tests/test_iteration24_acceptance_suite.py:290: in test_scheduler_safety_weekday_rules_and_medicine_id_no_dup
    assert sent_categories.count("medicine") == 1
E   AssertionError: assert 0 == 1
E    +  where 0 = &lt;built-in method count of list object at 0xf8636fc86c80&gt;('medicine')
E    +    where &lt;built-in method count of list object at 0xf8636fc86c80&gt; = [].count</failure></testcase><testcase classname="tests.test_iteration24_acceptance_suite" name="test_receipts_ingest_unknown_then_drain_and_non_regression" time="0.753" /><testcase classname="tests.test_iteration20_service_suite" name="test_phone_change_flow_requires_confirm_conflict_and_replay_block" time="0.993" /><testcase classname="tests.test_iteration24_acceptance_suite" name="test_welcomes_concurrency_and_consent_gate" time="0.740" /><testcase classname="tests.test_iteration24_acceptance_suite" name="test_notifications_audio_failure_does_not_downgrade_main_status" time="0.747" /><testcase classname="tests.test_iteration20_service_suite" name="test_notifications_deliver_current_phone_and_closed_child_window" time="0.748" /><testcase classname="tests.test_iteration20_service_suite" name="test_notification_transport_template_builder_and_phone_prefix" time="0.271" /><testcase classname="tests.test_iteration24_acceptance_suite" name="test_subscription_events_idempotency_and_terminal_stale_guard" time="0.757" /><testcase classname="tests.test_iteration20_service_suite" name="test_receipt_progression_fallback_once_and_uncertain_not_retried" time="0.737" /><testcase classname="tests.test_iteration20_service_suite" name="test_child_context_sid_authorization_and_wamid_dedup" time="0.722" /><testcase classname="tests.test_iteration20_service_suite" name="test_scheduler_deliver_parent_core_guards" time="0.708"><failure message="assert 0 == 2&#10; +  where 0 = len([])">tests/test_iteration20_service_suite.py:528: in test_scheduler_deliver_parent_core_guards
    assert len(sent) == 2
E   assert 0 == 2
E    +  where 0 = len([])</failure></testcase><testcase classname="tests.test_iteration20_service_suite" name="test_escalation_watch_parent_no_delivered_then_warn_then_reply_suppresses" time="0.713"><failure message="assert False&#10; +  where False = any(&lt;generator object test_escalation_watch_parent_no_delivered_then_warn_then_reply_suppresses.&lt;locals&gt;.&lt;genexpr&gt; at 0xfda8dfc397e0&gt;)">tests/test_iteration20_service_suite.py:567: in test_escalation_watch_parent_no_delivered_then_warn_then_reply_suppresses
    assert any(t.startswith("ayana_first_warn_parent_") for t in templates)
E   assert False
E    +  where False = any(&lt;generator object test_escalation_watch_parent_no_delivered_then_warn_then_reply_suppresses.&lt;locals&gt;.&lt;genexpr&gt; at 0xfda8dfc397e0&gt;)</failure></testcase><testcase classname="tests.test_iteration20_service_suite" name="test_replies_audio_endpoint_owner_only_and_missing_media" time="1.163" /><testcase classname="tests.test_iteration20_service_suite" name="test_auth_regression_versionless_and_change_password_invalidates_same_second" time="2.049" /></testsuite></testsuites>