<?xml version="1.0" encoding="utf-8"?><testsuites><testsuite name="pytest" errors="0" failures="0" skipped="0" tests="12" time="13.448" timestamp="2026-09-16T11:42:53.657020+00:00" hostname="agent-env-6ccb7dad-3f55-4835-9dbf-cd6d34b384bb"><testcase classname="tests.test_iteration20_service_suite" name="test_verification_issue_check_consume_attempts_and_replay" time="0.874" /><testcase classname="tests.test_iteration20_service_suite" name="test_verification_resend_limit_and_provider_failure" time="0.879" /><testcase classname="tests.test_iteration20_service_suite" name="test_forgot_password_generic_and_reset_invalidates_old_token" time="2.075" /><testcase classname="tests.test_iteration20_service_suite" name="test_phone_change_flow_requires_confirm_conflict_and_replay_block" time="1.110" /><testcase classname="tests.test_iteration20_service_suite" name="test_notifications_deliver_current_phone_and_closed_child_window" time="0.882" /><testcase classname="tests.test_iteration20_service_suite" name="test_notification_transport_template_builder_and_phone_prefix" time="0.416" /><testcase classname="tests.test_iteration20_service_suite" name="test_receipt_progression_fallback_once_and_uncertain_not_retried" time="0.893" /><testcase classname="tests.test_iteration20_service_suite" name="test_child_context_sid_authorization_and_wamid_dedup" time="0.889" /><testcase classname="tests.test_iteration20_service_suite" name="test_scheduler_deliver_parent_core_guards" time="0.899" /><testcase classname="tests.test_iteration20_service_suite" name="test_escalation_watch_parent_no_delivered_then_warn_then_reply_suppresses" time="0.910" /><testcase classname="tests.test_iteration20_service_suite" name="test_replies_audio_endpoint_owner_only_and_missing_media" time="1.337" /><testcase classname="tests.test_iteration20_service_suite" name="test_auth_regression_versionless_and_change_password_invalidates_same_second" time="2.232" /></testsuite></testsuites>