<?xml version="1.0" encoding="utf-8"?><testsuites><testsuite name="pytest" errors="0" failures="0" skipped="0" tests="16" time="164.204" timestamp="2026-09-05T08:15:31.312118+00:00" hostname="agent-env-e6ee39c5-98f8-45ea-aa21-f1d342c47485"><testcase classname="tests.test_iteration14_auth_flows" name="test_health_200" time="0.983" /><testcase classname="tests.test_iteration14_auth_flows" name="test_forgot_password_unknown_phone_still_200_without_dev_code" time="0.475" /><testcase classname="tests.test_iteration14_auth_flows" name="test_forgot_password_short_phone_422" time="0.144" /><testcase classname="tests.test_iteration14_auth_flows" name="test_forgot_password_known_phone_returns_dev_code" time="133.484" /><testcase classname="tests.test_iteration14_auth_flows" name="test_reset_password_wrong_code_400" time="1.502" /><testcase classname="tests.test_iteration14_auth_flows" name="test_reset_password_correct_code_invalidates_old_session_and_reissues" time="5.440" /><testcase classname="tests.test_iteration14_auth_flows" name="test_register_short_phone_422_mentions_10_digits" time="0.129" /><testcase classname="tests.test_iteration14_auth_flows" name="test_register_weak_password_422_mentions_uppercase" time="0.080" /><testcase classname="tests.test_iteration14_auth_flows" name="test_change_password_same_current_and_new_400" time="1.326" /><testcase classname="tests.test_iteration14_auth_flows" name="test_change_password_wrong_current_400" time="1.344" /><testcase classname="tests.test_iteration14_auth_flows" name="test_change_password_round_trip_reissues_cookies" time="3.636" /><testcase classname="tests.test_iteration14_auth_flows" name="test_change_email_wrong_password_400" time="1.365" /><testcase classname="tests.test_iteration14_auth_flows" name="test_change_email_already_taken_400" time="1.780" /><testcase classname="tests.test_iteration14_auth_flows" name="test_webhook_signed_inbound_text_200" time="3.799" /><testcase classname="tests.test_iteration14_auth_flows" name="test_webhook_button_reply_with_timezone_does_not_crash" time="5.072" /><testcase classname="tests.test_iteration14_auth_flows" name="test_dashboard_bootstrap_regression" time="3.557" /></testsuite></testsuites>