<?xml version="1.0" encoding="utf-8"?><testsuites name="pytest tests"><testsuite name="pytest" errors="0" failures="1" skipped="0" tests="7" time="5.524" timestamp="2026-09-20T10:52:36.643064+00:00" hostname="agent-env-817fa541-07ef-490b-9a28-a585c8388c6c"><testcase classname="tests.test_iteration24_acceptance_suite" name="test_care_plan_atomic_commit_rollback_and_recovery_state" time="0.961" /><testcase classname="tests.test_iteration24_acceptance_suite" name="test_checkins_selected_parent_local_date_and_late_reply_visibility" time="0.948" /><testcase classname="tests.test_iteration24_acceptance_suite" name="test_scheduler_safety_weekday_rules_and_medicine_id_no_dup" time="0.710"><failure message="AssertionError: assert 0 == 1&#10; +  where 0 = &lt;built-in method count of list object at 0xf98ce3862180&gt;('medicine')&#10; +    where &lt;built-in method count of list object at 0xf98ce3862180&gt; = [].count">tests/test_iteration24_acceptance_suite.py:290: in test_scheduler_safety_weekday_rules_and_medicine_id_no_dup
    assert sent_categories.count("medicine") == 1
E   AssertionError: assert 0 == 1
E    +  where 0 = &lt;built-in method count of list object at 0xf98ce3862180&gt;('medicine')
E    +    where &lt;built-in method count of list object at 0xf98ce3862180&gt; = [].count</failure></testcase><testcase classname="tests.test_iteration24_acceptance_suite" name="test_receipts_ingest_unknown_then_drain_and_non_regression" time="0.714" /><testcase classname="tests.test_iteration24_acceptance_suite" name="test_welcomes_concurrency_and_consent_gate" time="0.719" /><testcase classname="tests.test_iteration24_acceptance_suite" name="test_notifications_audio_failure_does_not_downgrade_main_status" time="0.709" /><testcase classname="tests.test_iteration24_acceptance_suite" name="test_subscription_events_idempotency_and_terminal_stale_guard" time="0.710" /></testsuite></testsuites>