<?xml version="1.0" encoding="utf-8"?><testsuites><testsuite name="pytest" errors="0" failures="2" skipped="0" tests="9" time="8.747" timestamp="2026-09-16T11:23:49.609324+00:00" hostname="agent-env-6ccb7dad-3f55-4835-9dbf-cd6d34b384bb"><testcase classname="tests.test_iteration19_core_flows" name="test_health_reports_expected_modes" time="0.192" /><testcase classname="tests.test_iteration19_core_flows" name="test_mobile_otp_endpoints_return_410" time="0.937" /><testcase classname="tests.test_iteration19_core_flows" name="test_forgot_password_unknown_email_generic_response_contract" time="0.109"><failure message="assert 503 == 200&#10; +  where 503 = &lt;Response [503]&gt;.status_code">backend/tests/test_iteration19_core_flows.py:116: in test_forgot_password_unknown_email_generic_response_contract
    assert r.status_code == 200
E   assert 503 == 200
E    +  where 503 = &lt;Response [503]&gt;.status_code</failure></testcase><testcase classname="tests.test_iteration19_core_flows" name="test_phone_change_requires_explicit_checkbox" time="0.828" /><testcase classname="tests.test_iteration19_core_flows" name="test_profile_put_cannot_bypass_phone_change_flow" time="0.712"><failure message="assert 403 == 409&#10; +  where 403 = &lt;Response [403]&gt;.status_code">backend/tests/test_iteration19_core_flows.py:149: in test_profile_put_cannot_bypass_phone_change_flow
    assert r.status_code == 409
E   assert 403 == 409
E    +  where 403 = &lt;Response [403]&gt;.status_code</failure></testcase><testcase classname="tests.test_iteration19_core_flows" name="test_reply_detail_authorization_and_no_private_tokens" time="2.367" /><testcase classname="tests.test_iteration19_core_flows" name="test_webhook_rejects_missing_dev_secret_when_whatsapp_disabled" time="0.167" /><testcase classname="tests.test_iteration19_core_flows" name="test_webhook_duplicate_wamid_does_not_duplicate_replies" time="1.078" /><testcase classname="tests.test_iteration19_core_flows" name="test_sibling_send_otp_requires_email_and_challenge_fields" time="0.693" /></testsuite></testsuites>