<?xml version="1.0" encoding="utf-8"?><testsuites><testsuite name="pytest" errors="0" failures="0" skipped="0" tests="10" time="22.866" timestamp="2026-09-05T07:48:17.046503+00:00" hostname="agent-env-e6ee39c5-98f8-45ea-aa21-f1d342c47485"><testcase classname="tests.test_dashboard_fixes_iter13" name="test_health_flags" time="3.302" /><testcase classname="tests.test_dashboard_fixes_iter13" name="test_login_latency" time="0.730" /><testcase classname="tests.test_dashboard_fixes_iter13" name="test_auth_me_latency" time="1.183" /><testcase classname="tests.test_dashboard_fixes_iter13" name="test_dashboard_bootstrap" time="2.996" /><testcase classname="tests.test_dashboard_fixes_iter13" name="test_webhook_known_parent_no_plus" time="3.876" /><testcase classname="tests.test_dashboard_fixes_iter13" name="test_webhook_unknown_number_returns_200" time="0.477" /><testcase classname="tests.test_dashboard_fixes_iter13" name="test_webhook_reply_appears" time="5.158" /><testcase classname="tests.test_dashboard_fixes_iter13" name="test_monthly_report_found_flag_current" time="1.216" /><testcase classname="tests.test_dashboard_fixes_iter13" name="test_monthly_report_found_false_for_ancient_period" time="1.225" /><testcase classname="tests.test_dashboard_fixes_iter13" name="test_moments_upload_signed_url" time="2.671" /></testsuite></testsuites>