<?xml version="1.0" encoding="utf-8"?><testsuites><testsuite name="pytest" errors="0" failures="0" skipped="0" tests="14" time="0.039" timestamp="2026-09-16T09:39:37.353483+00:00" hostname="agent-env-6ccb7dad-3f55-4835-9dbf-cd6d34b384bb"><testcase classname="test_reports.iteration_18_diagnostic_test" name="test_notify_family_uses_free_form_paths_without_delivery_persistence_hooks" time="0.001" /><testcase classname="test_reports.iteration_18_diagnostic_test" name="test_signup_welcome_noop_and_duplicate_welcome_paths_exist" time="0.000" /><testcase classname="test_reports.iteration_18_diagnostic_test" name="test_activation_hardcodes_true_even_if_send_paths_can_fail" time="0.000" /><testcase classname="test_reports.iteration_18_diagnostic_test" name="test_scheduler_replays_all_overdue_slots_same_day_simulation" time="0.000" /><testcase classname="test_reports.iteration_18_diagnostic_test" name="test_scheduler_daily_cap_uses_unfiltered_count_so_failures_can_block_simulation" time="0.000" /><testcase classname="test_reports.iteration_18_diagnostic_test" name="test_scheduler_fail_count_is_category_level_not_slot_level" time="0.000" /><testcase classname="test_reports.iteration_18_diagnostic_test" name="test_scheduler_medicine_dedup_key_omits_medicine_identity" time="0.000" /><testcase classname="test_reports.iteration_18_diagnostic_test" name="test_escalation_cap_checked_once_before_retry_loop_only" time="0.000" /><testcase classname="test_reports.iteration_18_diagnostic_test" name="test_reengagement_and_care_watch_vacation_bypass_static_confirmation" time="0.000" /><testcase classname="test_reports.iteration_18_diagnostic_test" name="test_parent_first_warning_uses_plain_text_not_template_helper" time="0.000" /><testcase classname="test_reports.iteration_18_diagnostic_test" name="test_warning_templates_are_separate_and_declared" time="0.000" /><testcase classname="test_reports.iteration_18_diagnostic_test" name="test_frontend_schedule_bridge_gap_and_pause_mismatch_static" time="0.000" /><testcase classname="test_reports.iteration_18_diagnostic_test" name="test_timezone_and_pricing_payment_static_findings" time="0.000" /><testcase classname="test_reports.iteration_18_diagnostic_test" name="test_reported_lint_baseline_duplicates_static" time="0.000" /></testsuite></testsuites>