<?xml version="1.0" encoding="utf-8"?><testsuites name="pytest tests"><testsuite name="pytest" errors="0" failures="0" skipped="0" tests="12" time="13.151" timestamp="2026-08-28T15:58:19.574044+00:00" hostname="agent-env-e28be5ef-5068-4052-9c07-e8210b8e1e4a"><testcase classname="tests.test_child_otp_moments_activation.TestChildOtpGate" name="test_otp_send_returns_dev_code" time="1.486" /><testcase classname="tests.test_child_otp_moments_activation.TestChildOtpGate" name="test_wrong_code_rejected_then_correct_code_accepted" time="1.365" /><testcase classname="tests.test_child_otp_moments_activation.TestChildOtpGate" name="test_profile_child_blocked_before_verification_then_allowed" time="1.141" /><testcase classname="tests.test_child_otp_moments_activation.TestChildOtpGate" name="test_profile_child_blocked_for_different_phone" time="1.000" /><testcase classname="tests.test_child_otp_moments_activation.TestChildOtpGate" name="test_otp_requires_auth" time="0.063" /><testcase classname="tests.test_child_otp_moments_activation.TestMomentsMonthlyLimit" name="test_quota_then_two_sends_then_429" time="1.883" /><testcase classname="tests.test_child_otp_moments_activation.TestActivation" name="test_activate_requires_parent_and_schedule" time="1.208" /><testcase classname="tests.test_child_otp_moments_activation.TestActivation" name="test_activate_success_and_state_synced" time="1.429" /><testcase classname="tests.test_child_otp_moments_activation.TestSignupPassword" name="test_short_password_rejected" time="0.058" /><testcase classname="tests.test_child_otp_moments_activation.TestSignupPassword" name="test_eight_char_password_accepted" time="0.411" /><testcase classname="tests.test_child_otp_moments_activation.TestOtpRateLimits" name="test_fourth_send_is_rate_limited" time="1.349" /><testcase classname="tests.test_child_otp_moments_activation.TestOtpRateLimits" name="test_three_wrong_codes_invalidate_code" time="1.669" /></testsuite></testsuites>