<?xml version="1.0" encoding="utf-8"?><testsuites name="pytest tests"><testsuite name="pytest" errors="0" failures="3" skipped="0" tests="20" time="12.157" timestamp="2026-09-20T10:39:21.819277+00:00" hostname="agent-env-817fa541-07ef-490b-9a28-a585c8388c6c"><testcase classname="tests.test_iteration3_reply_linking_and_buttons" name="test_dad_reply_association_context_preserved_and_general_not_medicine" time="0.001" /><testcase classname="tests.test_iteration3_reply_linking_and_buttons" name="test_late_reply_visible_on_context_day_and_received_day" time="0.001" /><testcase classname="tests.test_iteration3_reply_linking_and_buttons" name="test_exact_button_intent_safety_titles_not_arrived_for_done_or_on_way" time="0.000" /><testcase classname="tests.test_iteration3_reply_linking_and_buttons" name="test_apply_button_tap_effects_updates_only_context_row_once" time="0.001" /><testcase classname="tests.test_iteration23_sql_contracts" name="test_sql_contracts_consent_logs_and_billing_checks_present" time="0.014" /><testcase classname="tests.test_iteration23_sql_contracts" name="test_migration_009_is_idempotent_on_disposable_db" time="0.070" /><testcase classname="tests.test_iteration23_sql_contracts" name="test_parent_city_and_medicine_shape_color_dose_validations" time="0.001" /><testcase classname="tests.test_iteration23_sql_contracts" name="test_schedule_weekdays_validation_rejects_out_of_range_day" time="0.000" /><testcase classname="tests.test_iteration20_service_suite" name="test_verification_issue_check_consume_attempts_and_replay" time="0.711" /><testcase classname="tests.test_iteration20_service_suite" name="test_verification_resend_limit_and_provider_failure" time="0.707" /><testcase classname="tests.test_iteration20_service_suite" name="test_forgot_password_generic_and_reset_invalidates_old_token" time="1.836" /><testcase classname="tests.test_iteration20_service_suite" name="test_phone_change_flow_requires_confirm_conflict_and_replay_block" time="0.946" /><testcase classname="tests.test_iteration20_service_suite" name="test_notifications_deliver_current_phone_and_closed_child_window" time="0.715" /><testcase classname="tests.test_iteration20_service_suite" name="test_notification_transport_template_builder_and_phone_prefix" time="0.251"><failure message="KeyError: 'parent_id'">backend/tests/test_iteration20_service_suite.py:387: in test_notification_transport_template_builder_and_phone_prefix
    res = await nt.send_update("+919876543210", base_reply, session_open=False, language=lang)
          ^^^^^^^^^^^^^^^^^^^^^^^^^^^^^^^^^^^^^^^^^^^^^^^^^^^^^^^^^^^^^^^^^^^^^^^^^^^^^^^^^^^^
backend/services/notification_transport.py:13: in send_update
    url = reply_url(reply)
          ^^^^^^^^^^^^^^^^
backend/services/notification_transport.py:71: in reply_url
    query = {'tab': 'checkins', 'parent': str(reply['parent_id']), 'reply': str(reply['id'])}
                                              ^^^^^^^^^^^^^^^^^^
E   KeyError: 'parent_id'</failure></testcase><testcase classname="tests.test_iteration20_service_suite" name="test_receipt_progression_fallback_once_and_uncertain_not_retried" time="0.726"><failure message="AssertionError: assert None == 'sent'">backend/tests/test_iteration20_service_suite.py:455: in test_receipt_progression_fallback_once_and_uncertain_not_retried
    assert s2 == "sent"
E   AssertionError: assert None == 'sent'</failure></testcase><testcase classname="tests.test_iteration20_service_suite" name="test_child_context_sid_authorization_and_wamid_dedup" time="0.717"><failure message="assert 0 == 1">backend/tests/test_iteration20_service_suite.py:490: in test_child_context_sid_authorization_and_wamid_dedup
    assert calls == 1
E   assert 0 == 1</failure></testcase><testcase classname="tests.test_iteration20_service_suite" name="test_scheduler_deliver_parent_core_guards" time="0.720" /><testcase classname="tests.test_iteration20_service_suite" name="test_escalation_watch_parent_no_delivered_then_warn_then_reply_suppresses" time="0.719" /><testcase classname="tests.test_iteration20_service_suite" name="test_replies_audio_endpoint_owner_only_and_missing_media" time="1.161" /><testcase classname="tests.test_iteration20_service_suite" name="test_auth_regression_versionless_and_change_password_invalidates_same_second" time="2.048" /></testsuite></testsuites>